  [4;36;1mSQL (2.7ms)[0m   [0;1m SELECT name
 FROM sqlite_master
 WHERE type = 'table' AND NOT name = 'sqlite_sequence'
[0m
  [4;35;1mSQL (0.3ms)[0m   [0mselect sqlite_version(*)[0m
  [4;36;1mSQL (1.9ms)[0m   [0;1mCREATE TABLE "schema_migrations" ("version" varchar(255) NOT NULL) [0m
  [4;35;1mSQL (2.2ms)[0m   [0mCREATE UNIQUE INDEX "unique_schema_migrations" ON "schema_migrations" ("version")[0m
  [4;36;1mSQL (0.3ms)[0m   [0;1m SELECT name
 FROM sqlite_master
 WHERE type = 'table' AND NOT name = 'sqlite_sequence'
[0m
  [4;35;1mSQL (0.1ms)[0m   [0mSELECT version FROM schema_migrations[0m
Migrating to CreateContents (20090714174222)
  [4;36;1mSQL (0.5ms)[0m   [0;1mCREATE TABLE "contents" ("id" INTEGER PRIMARY KEY AUTOINCREMENT NOT NULL, "body" text, "name" varchar(255), "caption" varchar(255), "created_at" datetime, "updated_at" datetime) [0m
  [4;35;1mSQL (0.2ms)[0m   [0mCREATE TABLE "slots" ("id" INTEGER PRIMARY KEY AUTOINCREMENT NOT NULL, "content_id" integer NOT NULL, "page_id" integer NOT NULL, "placement" integer DEFAULT 0, "name" varchar(255) DEFAULT '' NOT NULL) [0m
  [4;36;1mSQL (0.1ms)[0m   [0;1mCREATE INDEX "index_slots_on_page_id_and_content_id" ON "slots" ("page_id", "content_id")[0m
  [4;35;1mSQL (0.1ms)[0m   [0mINSERT INTO schema_migrations (version) VALUES ('20090714174222')[0m
Migrating to CreatePages (20090714174227)
  [4;36;1mSQL (0.4ms)[0m   [0;1mCREATE TABLE "pages" ("id" INTEGER PRIMARY KEY AUTOINCREMENT NOT NULL, "template" varchar(255), "title" varchar(255) NOT NULL, "permalink" varchar(255) NOT NULL, "type" varchar(255), "created_at" datetime, "updated_at" datetime) [0m
  [4;35;1mSQL (0.1ms)[0m   [0mINSERT INTO schema_migrations (version) VALUES ('20090714174227')[0m
Migrating to CreateUsers (20090714174313)
  [4;36;1mSQL (0.5ms)[0m   [0;1mCREATE TABLE "users" ("id" INTEGER PRIMARY KEY AUTOINCREMENT NOT NULL, "email" varchar(128) NOT NULL, "name" varchar(255) NOT NULL, "salt" varchar(255) NOT NULL, "hashed_password" varchar(40) NOT NULL, "remember_token" varchar(255), "remember_token_expires" datetime, "google" boolean DEFAULT 'f', "created_at" datetime, "updated_at" datetime) [0m
  [4;35;1mSQL (0.1ms)[0m   [0mCREATE INDEX "index_users_on_email" ON "users" ("email")[0m
  [4;36;1mSQL (0.1ms)[0m   [0;1mINSERT INTO schema_migrations (version) VALUES ('20090714174313')[0m
Migrating to CreateTags (20090714174522)
  [4;35;1mSQL (0.4ms)[0m   [0mCREATE TABLE "tags" ("id" INTEGER PRIMARY KEY AUTOINCREMENT NOT NULL, "name" varchar(255)) [0m
  [4;36;1mSQL (0.1ms)[0m   [0;1mINSERT INTO schema_migrations (version) VALUES ('20090714174522')[0m
Migrating to CreateTaggings (20090714174526)
  [4;35;1mSQL (0.4ms)[0m   [0mCREATE TABLE "taggings" ("id" INTEGER PRIMARY KEY AUTOINCREMENT NOT NULL, "tag_id" integer, "taggable_id" integer, "taggable_type" varchar(255), "created_at" datetime) [0m
  [4;36;1mSQL (0.1ms)[0m   [0;1mCREATE INDEX "index_taggings_on_tag_id" ON "taggings" ("tag_id")[0m
  [4;35;1mSQL (0.1ms)[0m   [0mCREATE INDEX "index_taggings_on_taggable_id_and_taggable_type" ON "taggings" ("taggable_id", "taggable_type")[0m
  [4;36;1mSQL (0.1ms)[0m   [0;1mINSERT INTO schema_migrations (version) VALUES ('20090714174526')[0m
  [4;35;1mSQL (0.4ms)[0m   [0m SELECT name
 FROM sqlite_master
 WHERE type = 'table' AND NOT name = 'sqlite_sequence'
[0m
  [4;36;1mSQL (0.2ms)[0m   [0;1mSELECT version FROM schema_migrations[0m
  [4;35;1mSQL (0.3ms)[0m   [0m SELECT name
 FROM sqlite_master
 WHERE type = 'table' AND NOT name = 'sqlite_sequence'
[0m
  [4;36;1mSQL (0.0ms)[0m   [0;1mPRAGMA index_list("contents")[0m
  [4;35;1mSQL (0.1ms)[0m   [0mPRAGMA index_list("pages")[0m
  [4;36;1mSQL (0.1ms)[0m   [0;1mPRAGMA index_list("slots")[0m
  [4;35;1mSQL (0.1ms)[0m   [0mPRAGMA index_info('index_slots_on_page_id_and_content_id')[0m
  [4;36;1mSQL (0.1ms)[0m   [0;1mPRAGMA index_list("taggings")[0m
  [4;35;1mSQL (0.1ms)[0m   [0mPRAGMA index_info('index_taggings_on_taggable_id_and_taggable_type')[0m
  [4;36;1mSQL (0.1ms)[0m   [0;1mPRAGMA index_info('index_taggings_on_tag_id')[0m
  [4;35;1mSQL (0.0ms)[0m   [0mPRAGMA index_list("tags")[0m
  [4;36;1mSQL (0.1ms)[0m   [0;1mPRAGMA index_list("users")[0m
  [4;35;1mSQL (0.1ms)[0m   [0mPRAGMA index_info('index_users_on_email')[0m


Processing ApplicationController#index (for 127.0.0.1 at 2009-07-14 14:03:15) [GET]

ActionController::RoutingError (No route matches "/" with {:method=>:get}):
  

Rendering rescues/layout (not_found)


Processing ApplicationController#index (for 127.0.0.1 at 2009-07-14 14:03:41) [GET]

ActionController::RoutingError (No route matches "/" with {:method=>:get}):
  

Rendering rescues/layout (not_found)


Processing PagesController#index (for 127.0.0.1 at 2009-07-14 14:03:51) [GET]
Rendering pages/index
Completed in 7ms (View: 5, DB: 0) | 200 OK [http://localhost/]


Processing PagesController#index (for 127.0.0.1 at 2009-07-14 14:03:59) [GET]
Rendering pages/index
Completed in 2ms (View: 1, DB: 0) | 200 OK [http://localhost/]


Processing PagesController#index (for 127.0.0.1 at 2009-07-14 14:06:21) [GET]
Rendering template within layouts/application
Rendering pages/index
Completed in 9ms (View: 8, DB: 0) | 200 OK [http://localhost/]


Processing PagesController#index (for 127.0.0.1 at 2009-07-14 14:07:07) [GET]
Rendering template within layouts/application
Rendering pages/index

ActionView::TemplateError (undefined method `stylesheets_link_tag' for #<ActionView::Base:0x250f7b0>) on line #5 of app/views/layouts/application.html.erb:
2: <html>
3: <head>
4:   <title>Anerian</title>
5:   <%= stylesheets_link_tag :styles %>
6:   <%= yield :css %>
7: </head>
8: <body>

    app/views/layouts/application.html.erb:5

Rendered rescues/_trace (40.4ms)
Rendered rescues/_request_and_response (15.5ms)
Rendering rescues/layout (internal_server_error)


Processing PagesController#index (for 127.0.0.1 at 2009-07-14 14:07:23) [GET]
Rendering template within layouts/application
Rendering pages/index

ActionView::TemplateError (No expansion found for :styles) on line #5 of app/views/layouts/application.html.erb:
2: <html>
3: <head>
4:   <title>Anerian</title>
5:   <%= stylesheet_link_tag :styles %>
6:   <%= yield :css %>
7: </head>
8: <body>

    app/views/layouts/application.html.erb:5

Rendered rescues/_trace (39.9ms)
Rendered rescues/_request_and_response (0.2ms)
Rendering rescues/layout (internal_server_error)


Processing PagesController#index (for 127.0.0.1 at 2009-07-14 14:07:27) [GET]
Rendering template within layouts/application
Rendering pages/index
Completed in 4ms (View: 3, DB: 0) | 200 OK [http://localhost/]


Processing ApplicationController#index (for 127.0.0.1 at 2009-07-14 14:07:27) [GET]

ActionController::RoutingError (No route matches "/stylesheets/styles.css" with {:method=>:get}):
  

Rendering rescues/layout (not_found)


Processing PagesController#index (for 127.0.0.1 at 2009-07-14 14:07:48) [GET]
Rendering template within layouts/application
Rendering pages/index
Completed in 4ms (View: 3, DB: 0) | 200 OK [http://localhost/]


Processing PagesController#index (for 127.0.0.1 at 2009-07-14 14:07:55) [GET]
Rendering template within layouts/application
Rendering pages/index
Completed in 2ms (View: 1, DB: 0) | 200 OK [http://localhost/]


Processing PagesController#index (for 127.0.0.1 at 2009-07-14 14:09:42) [GET]
Rendering template within layouts/application
Rendering pages/index

ActionView::TemplateError (You have a nil object when you didn't expect it!
You might have expected an instance of Array.
The error occurred while evaluating nil.each) on line #2 of app/views/pages/index.html.erb:
1: <ul>
2: <% for p in @pages do %>
3:   <li><%= link_to p.title, edit_page_path(p) %></li>
4: <% end %>
5: </ul>

    app/views/pages/index.html.erb:2

Rendered rescues/_trace (106.2ms)
Rendered rescues/_request_and_response (0.2ms)
Rendering rescues/layout (internal_server_error)


Processing PagesController#index (for 127.0.0.1 at 2009-07-14 14:09:59) [GET]
  [4;36;1mPage Load (0.8ms)[0m   [0;1mSELECT * FROM "pages" LIMIT 30 OFFSET 0[0m
Rendering template within layouts/application
Rendering pages/index
Completed in 9ms (View: 4, DB: 1) | 200 OK [http://localhost/]


Processing PagesController#index (for 127.0.0.1 at 2009-07-14 14:10:25) [GET]
  [4;35;1mPage Load (0.5ms)[0m   [0mSELECT * FROM "pages" LIMIT 30 OFFSET 0[0m
Rendering template within layouts/application
Rendering pages/index
Completed in 8ms (View: 3, DB: 1) | 200 OK [http://localhost/]


Processing PagesController#index (for 127.0.0.1 at 2009-07-14 14:11:35) [GET]
  [4;36;1mPage Load (0.6ms)[0m   [0;1mSELECT * FROM "pages" LIMIT 30 OFFSET 0[0m
Rendering template within layouts/application
Rendering pages/index
Completed in 8ms (View: 3, DB: 1) | 200 OK [http://localhost/]


Processing PagesController#new (for 127.0.0.1 at 2009-07-14 14:11:37) [GET]
Rendering template within layouts/application
Rendering pages/new
Completed in 8ms (View: 3, DB: 0) | 200 OK [http://localhost/pages/new]


Processing PagesController#new (for 127.0.0.1 at 2009-07-14 14:12:04) [GET]
Rendering template within layouts/application
Rendering pages/new
Completed in 8ms (View: 3, DB: 0) | 200 OK [http://localhost/pages/new]


Processing PagesController#new (for 127.0.0.1 at 2009-07-14 14:12:23) [GET]
Rendering template within layouts/application
Rendering pages/new
Rendered pages/_form (2.9ms)
Completed in 12ms (View: 7, DB: 0) | 200 OK [http://localhost/pages/new]


Processing PagesController#new (for 127.0.0.1 at 2009-07-14 14:12:29) [GET]
Rendering template within layouts/application
Rendering pages/new
Rendered pages/_form (2.2ms)
Completed in 10ms (View: 5, DB: 0) | 200 OK [http://localhost/pages/new]


Processing PagesController#create (for 127.0.0.1 at 2009-07-14 14:12:36) [POST]
  Parameters: {"commit"=>"Save changes", "authenticity_token"=>"SeNahap4zq8NhzPSdteVwtJfULmW1LsuZapJoF5Rmdc=", "page"=>{"title"=>"Page 1"}}
  [4;35;1mPage Create (0.0ms)[0m   [0mSQLite3::SQLException: pages.permalink may not be NULL: INSERT INTO "pages" ("permalink", "created_at", "title", "updated_at", "template", "type") VALUES(NULL, '2009-07-14 18:12:36', 'Page 1', '2009-07-14 18:12:36', NULL, NULL)[0m

ActiveRecord::StatementInvalid (SQLite3::SQLException: pages.permalink may not be NULL: INSERT INTO "pages" ("permalink", "created_at", "title", "updated_at", "template", "type") VALUES(NULL, '2009-07-14 18:12:36', 'Page 1', '2009-07-14 18:12:36', NULL, NULL)):
  app/controllers/pages_controller.rb:16:in `create'

Rendered rescues/_trace (41.4ms)
Rendered rescues/_request_and_response (0.3ms)
Rendering rescues/layout (internal_server_error)


Processing PagesController#new (for 127.0.0.1 at 2009-07-14 14:12:53) [GET]
Rendering template within layouts/application
Rendering pages/new
Rendered pages/_form (2.3ms)
Completed in 10ms (View: 5, DB: 0) | 200 OK [http://localhost/pages/new]


Processing PagesController#new (for 127.0.0.1 at 2009-07-14 14:13:40) [GET]
Rendering template within layouts/application
Rendering pages/new
Rendered pages/_form (2.5ms)
Completed in 10ms (View: 5, DB: 0) | 200 OK [http://localhost/pages/new]


Processing PagesController#create (for 127.0.0.1 at 2009-07-14 14:13:49) [POST]
  Parameters: {"commit"=>"Save changes", "authenticity_token"=>"SeNahap4zq8NhzPSdteVwtJfULmW1LsuZapJoF5Rmdc=", "page"=>{"permalink"=>"page-1", "title"=>"Page 1", "template"=>"about"}}
  [4;36;1mPage Create (0.3ms)[0m   [0;1mINSERT INTO "pages" ("permalink", "created_at", "title", "updated_at", "template", "type") VALUES('page-1', '2009-07-14 18:13:49', 'Page 1', '2009-07-14 18:13:49', 'about', NULL)[0m
Redirected to http://localhost:3000/pages
Completed in 11ms (DB: 0) | 302 Found [http://localhost/pages]


Processing PagesController#index (for 127.0.0.1 at 2009-07-14 14:13:49) [GET]
  [4;35;1mPage Load (0.6ms)[0m   [0mSELECT * FROM "pages" LIMIT 30 OFFSET 0[0m
Rendering template within layouts/application
Rendering pages/index
Completed in 7ms (View: 3, DB: 1) | 200 OK [http://localhost/pages]


Processing PagesController#edit (for 127.0.0.1 at 2009-07-14 14:13:51) [GET]
  Parameters: {"id"=>"1"}
  [4;36;1mPage Load (0.2ms)[0m   [0;1mSELECT * FROM "pages" WHERE ("pages"."id" = '1') LIMIT 1[0m
Rendering template within layouts/application
Rendering pages/edit
Rendered pages/_form (2.3ms)
Completed in 11ms (View: 5, DB: 0) | 200 OK [http://localhost/pages/1/edit]


Processing PagesController#update (for 127.0.0.1 at 2009-07-14 14:13:55) [PUT]
  Parameters: {"commit"=>"Save changes", "authenticity_token"=>"SeNahap4zq8NhzPSdteVwtJfULmW1LsuZapJoF5Rmdc=", "id"=>"1", "page"=>{"permalink"=>"page-1", "title"=>"Page 1 a", "template"=>"about"}}
  [4;35;1mPage Load (0.2ms)[0m   [0mSELECT * FROM "pages" WHERE ("pages"."id" = '1') LIMIT 1[0m
  [4;36;1mPage Update (0.6ms)[0m   [0;1mUPDATE "pages" SET "updated_at" = '2009-07-14 18:13:55', "title" = 'Page 1 a' WHERE "id" = 1[0m
Redirected to http://localhost:3000/pages
Completed in 12ms (DB: 1) | 302 Found [http://localhost/pages/1]


Processing PagesController#index (for 127.0.0.1 at 2009-07-14 14:13:55) [GET]
  [4;35;1mPage Load (0.7ms)[0m   [0mSELECT * FROM "pages" LIMIT 30 OFFSET 0[0m
Rendering template within layouts/application
Rendering pages/index
Completed in 8ms (View: 3, DB: 1) | 200 OK [http://localhost/pages]


Processing PagesController#edit (for 127.0.0.1 at 2009-07-14 14:13:58) [GET]
  Parameters: {"id"=>"1"}
  [4;36;1mPage Load (0.2ms)[0m   [0;1mSELECT * FROM "pages" WHERE ("pages"."id" = '1') LIMIT 1[0m
Rendering template within layouts/application
Rendering pages/edit
Rendered pages/_form (2.4ms)
Completed in 10ms (View: 4, DB: 0) | 200 OK [http://localhost/pages/1/edit]


Processing PagesController#update (for 127.0.0.1 at 2009-07-14 14:14:01) [PUT]
  Parameters: {"commit"=>"Save changes", "authenticity_token"=>"SeNahap4zq8NhzPSdteVwtJfULmW1LsuZapJoF5Rmdc=", "id"=>"1", "page"=>{"permalink"=>"page-1", "title"=>"Page 1", "template"=>"about"}}
  [4;35;1mPage Load (0.2ms)[0m   [0mSELECT * FROM "pages" WHERE ("pages"."id" = '1') LIMIT 1[0m
  [4;36;1mPage Update (0.5ms)[0m   [0;1mUPDATE "pages" SET "updated_at" = '2009-07-14 18:14:01', "title" = 'Page 1' WHERE "id" = 1[0m
Redirected to http://localhost:3000/pages
Completed in 11ms (DB: 1) | 302 Found [http://localhost/pages/1]


Processing PagesController#index (for 127.0.0.1 at 2009-07-14 14:14:01) [GET]
  [4;35;1mPage Load (0.7ms)[0m   [0mSELECT * FROM "pages" LIMIT 30 OFFSET 0[0m
Rendering template within layouts/application
Rendering pages/index
Completed in 7ms (View: 3, DB: 1) | 200 OK [http://localhost/pages]


Processing PagesController#index (for 127.0.0.1 at 2009-07-14 14:14:02) [GET]
  [4;36;1mPage Load (0.6ms)[0m   [0;1mSELECT * FROM "pages" LIMIT 30 OFFSET 0[0m
Rendering template within layouts/application
Rendering pages/index
Completed in 8ms (View: 3, DB: 1) | 200 OK [http://localhost/pages]
  [4;36;1mPage Load (0.9ms)[0m   [0;1mSELECT * FROM "pages" LIMIT 1[0m
  [4;35;1mPage Update (0.8ms)[0m   [0mUPDATE "pages" SET "updated_at" = '2009-07-14 18:19:55', "type" = 'Page' WHERE "id" = 1[0m
  [4;36;1mSQL (0.4ms)[0m   [0;1m SELECT name
 FROM sqlite_master
 WHERE type = 'table' AND NOT name = 'sqlite_sequence'
[0m
  [4;35;1mSQL (0.1ms)[0m   [0mselect sqlite_version(*)[0m
  [4;36;1mSQL (3.3ms)[0m   [0;1mCREATE TABLE "schema_migrations" ("version" varchar(255) NOT NULL) [0m
  [4;35;1mSQL (2.2ms)[0m   [0mCREATE UNIQUE INDEX "unique_schema_migrations" ON "schema_migrations" ("version")[0m
  [4;36;1mSQL (0.2ms)[0m   [0;1m SELECT name
 FROM sqlite_master
 WHERE type = 'table' AND NOT name = 'sqlite_sequence'
[0m
  [4;35;1mSQL (0.1ms)[0m   [0mSELECT version FROM schema_migrations[0m
Migrating to CreateContents (20090714174222)
  [4;36;1mSQL (0.4ms)[0m   [0;1mCREATE TABLE "contents" ("id" INTEGER PRIMARY KEY AUTOINCREMENT NOT NULL, "body" text, "name" varchar(255), "caption" varchar(255), "created_at" datetime, "updated_at" datetime) [0m
  [4;35;1mSQL (0.2ms)[0m   [0mCREATE TABLE "slots" ("id" INTEGER PRIMARY KEY AUTOINCREMENT NOT NULL, "content_id" integer NOT NULL, "page_id" integer NOT NULL, "placement" integer DEFAULT 0, "name" varchar(255) DEFAULT '' NOT NULL) [0m
  [4;36;1mSQL (0.1ms)[0m   [0;1mCREATE INDEX "index_slots_on_page_id_and_content_id" ON "slots" ("page_id", "content_id")[0m
  [4;35;1mSQL (0.1ms)[0m   [0mINSERT INTO schema_migrations (version) VALUES ('20090714174222')[0m
Migrating to CreatePages (20090714174227)
  [4;36;1mSQL (0.4ms)[0m   [0;1mCREATE TABLE "pages" ("id" INTEGER PRIMARY KEY AUTOINCREMENT NOT NULL, "view" varchar(255), "title" varchar(255) NOT NULL, "permalink" varchar(255) NOT NULL, "type" varchar(255), "created_at" datetime, "updated_at" datetime) [0m
  [4;35;1mSQL (0.1ms)[0m   [0mINSERT INTO schema_migrations (version) VALUES ('20090714174227')[0m
Migrating to CreateUsers (20090714174313)
  [4;36;1mSQL (0.4ms)[0m   [0;1mCREATE TABLE "users" ("id" INTEGER PRIMARY KEY AUTOINCREMENT NOT NULL, "email" varchar(128) NOT NULL, "name" varchar(255) NOT NULL, "salt" varchar(255) NOT NULL, "hashed_password" varchar(40) NOT NULL, "remember_token" varchar(255), "remember_token_expires" datetime, "google" boolean DEFAULT 'f', "created_at" datetime, "updated_at" datetime) [0m
  [4;35;1mSQL (0.2ms)[0m   [0mCREATE INDEX "index_users_on_email" ON "users" ("email")[0m
  [4;36;1mSQL (0.2ms)[0m   [0;1mINSERT INTO schema_migrations (version) VALUES ('20090714174313')[0m
Migrating to CreateTags (20090714174522)
  [4;35;1mSQL (0.4ms)[0m   [0mCREATE TABLE "tags" ("id" INTEGER PRIMARY KEY AUTOINCREMENT NOT NULL, "name" varchar(255)) [0m
  [4;36;1mSQL (0.1ms)[0m   [0;1mINSERT INTO schema_migrations (version) VALUES ('20090714174522')[0m
Migrating to CreateTaggings (20090714174526)
  [4;35;1mSQL (0.4ms)[0m   [0mCREATE TABLE "taggings" ("id" INTEGER PRIMARY KEY AUTOINCREMENT NOT NULL, "tag_id" integer, "taggable_id" integer, "taggable_type" varchar(255), "created_at" datetime) [0m
  [4;36;1mSQL (0.1ms)[0m   [0;1mCREATE INDEX "index_taggings_on_tag_id" ON "taggings" ("tag_id")[0m
  [4;35;1mSQL (0.2ms)[0m   [0mCREATE INDEX "index_taggings_on_taggable_id_and_taggable_type" ON "taggings" ("taggable_id", "taggable_type")[0m
  [4;36;1mSQL (0.2ms)[0m   [0;1mINSERT INTO schema_migrations (version) VALUES ('20090714174526')[0m
  [4;35;1mSQL (0.4ms)[0m   [0m SELECT name
 FROM sqlite_master
 WHERE type = 'table' AND NOT name = 'sqlite_sequence'
[0m
  [4;36;1mSQL (0.2ms)[0m   [0;1mSELECT version FROM schema_migrations[0m
  [4;35;1mSQL (0.2ms)[0m   [0m SELECT name
 FROM sqlite_master
 WHERE type = 'table' AND NOT name = 'sqlite_sequence'
[0m
  [4;36;1mSQL (0.0ms)[0m   [0;1mPRAGMA index_list("contents")[0m
  [4;35;1mSQL (0.0ms)[0m   [0mPRAGMA index_list("pages")[0m
  [4;36;1mSQL (0.1ms)[0m   [0;1mPRAGMA index_list("slots")[0m
  [4;35;1mSQL (0.3ms)[0m   [0mPRAGMA index_info('index_slots_on_page_id_and_content_id')[0m
  [4;36;1mSQL (0.1ms)[0m   [0;1mPRAGMA index_list("taggings")[0m
  [4;35;1mSQL (0.1ms)[0m   [0mPRAGMA index_info('index_taggings_on_taggable_id_and_taggable_type')[0m
  [4;36;1mSQL (0.1ms)[0m   [0;1mPRAGMA index_info('index_taggings_on_tag_id')[0m
  [4;35;1mSQL (0.0ms)[0m   [0mPRAGMA index_list("tags")[0m
  [4;36;1mSQL (0.4ms)[0m   [0;1mPRAGMA index_list("users")[0m
  [4;35;1mSQL (0.1ms)[0m   [0mPRAGMA index_info('index_users_on_email')[0m


Processing PagesController#new (for 127.0.0.1 at 2009-07-14 14:22:39) [GET]
Rendering template within layouts/application
Rendering pages/new
Rendered pages/_form (1.7ms)
Completed in 11ms (View: 4, DB: 0) | 200 OK [http://localhost/pages/new]


Processing PagesController#create (for 127.0.0.1 at 2009-07-14 14:22:45) [POST]
  Parameters: {"commit"=>"Save changes", "authenticity_token"=>"SeNahap4zq8NhzPSdteVwtJfULmW1LsuZapJoF5Rmdc=", "page"=>{"permalink"=>"page-1", "title"=>"Page 1", "view"=>"article"}}
  [4;35;1mPage Create (0.3ms)[0m   [0mINSERT INTO "pages" ("permalink", "created_at", "title", "updated_at", "type", "view") VALUES('page-1', '2009-07-14 18:22:45', 'Page 1', '2009-07-14 18:22:45', 'Page', 'article')[0m
Redirected to http://localhost:3000/pages
Completed in 10ms (DB: 0) | 302 Found [http://localhost/pages]


Processing PagesController#index (for 127.0.0.1 at 2009-07-14 14:22:45) [GET]
  [4;36;1mPage Load (0.7ms)[0m   [0;1mSELECT * FROM "pages" LIMIT 30 OFFSET 0[0m
Rendering template within layouts/application
Rendering pages/index
Completed in 74ms (View: 69, DB: 1) | 200 OK [http://localhost/pages]


Processing ApplicationController#index (for 127.0.0.1 at 2009-07-14 14:32:05) [GET]

ActionController::RoutingError (No route matches "/videos/rss" with {:method=>:get}):
  

Rendering rescues/layout (not_found)


Processing PagesController#index (for 127.0.0.1 at 2009-07-14 14:41:26) [GET]
  [4;35;1mPage Load (0.6ms)[0m   [0mSELECT * FROM "pages" LIMIT 30 OFFSET 0[0m
Rendering template within layouts/application
Rendering pages/index
Completed in 8ms (View: 2, DB: 1) | 200 OK [http://localhost/]


Processing PagesController#edit (for 127.0.0.1 at 2009-07-14 14:50:37) [GET]
  Parameters: {"id"=>"1"}
  [4;36;1mPage Load (0.2ms)[0m   [0;1mSELECT * FROM "pages" WHERE ("pages"."id" = '1') LIMIT 1[0m
Rendering template within layouts/application
Rendering pages/edit
Rendered pages/_form (2.3ms)
Completed in 10ms (View: 4, DB: 0) | 200 OK [http://localhost/pages/1/edit]


Processing PagesController#edit (for 127.0.0.1 at 2009-07-14 14:51:23) [GET]
  Parameters: {"id"=>"1"}
  [4;35;1mPage Load (0.2ms)[0m   [0mSELECT * FROM "pages" WHERE ("pages"."id" = '1') LIMIT 1[0m
Rendering template within layouts/application
Rendering pages/edit
Rendered pages/_form (2.3ms)
Completed in 9ms (View: 3, DB: 0) | 200 OK [http://localhost/pages/1/edit]
